<?xml version="1.0" encoding="UTF-8"?>
<testng-results ignored="0" total="4" passed="4" failed="0" skipped="0">
  <reporter-output>
  </reporter-output>
  <suite started-at="2023-12-07T09:26:35 IST" name="Suite" finished-at="2023-12-07T09:26:56 IST" duration-ms="21272">
    <groups>
    </groups>
    <test started-at="2023-12-07T09:26:35 IST" name="Test" finished-at="2023-12-07T09:26:56 IST" duration-ms="21272">
      <class name="aaa.B">
        <test-method signature="befcls()[pri:0, instance:aaa.B@5d534f5d]" started-at="2023-12-07T09:26:35 IST" name="befcls" finished-at="2023-12-07T09:26:41 IST" duration-ms="6569" status="PASS">
          <reporter-output>
          </reporter-output>
        </test-method> <!-- befcls -->
      </class> <!-- aaa.B -->
      <class name="aaa.C">
        <test-method is-config="true" signature="bef()[pri:0, instance:aaa.C@76a4ebf2]" started-at="2023-12-07T09:26:41 IST" name="bef" finished-at="2023-12-07T09:26:49 IST" duration-ms="7536" status="PASS">
          <reporter-output>
          </reporter-output>
        </test-method> <!-- bef -->
        <test-method signature="t1()[pri:0, instance:aaa.C@76a4ebf2]" started-at="2023-12-07T09:26:49 IST" name="t1" finished-at="2023-12-07T09:26:52 IST" duration-ms="2614" status="PASS">
          <reporter-output>
          </reporter-output>
        </test-method> <!-- t1 -->
        <test-method signature="t2()[pri:0, instance:aaa.C@76a4ebf2]" started-at="2023-12-07T09:26:52 IST" name="t2" finished-at="2023-12-07T09:26:54 IST" duration-ms="2831" status="PASS">
          <reporter-output>
          </reporter-output>
        </test-method> <!-- t2 -->
        <test-method signature="t3()[pri:0, instance:aaa.C@76a4ebf2]" started-at="2023-12-07T09:26:54 IST" name="t3" finished-at="2023-12-07T09:26:56 IST" duration-ms="1630" status="PASS">
          <reporter-output>
          </reporter-output>
        </test-method> <!-- t3 -->
      </class> <!-- aaa.C -->
    </test> <!-- Test -->
  </suite> <!-- Suite -->
</testng-results>
